SF:lib\widgets\quick_action_button.dart
DA:6,0
DA:20,0
DA:21,0
DA:22,0
DA:23,0
DA:24,0
DA:25,0
DA:26,0
DA:27,0
DA:29,0
DA:30,0
DA:31,0
DA:32,0
DA:33,0
DA:34,0
DA:35,0
DA:40,0
DA:41,0
DA:42,0
DA:43,0
DA:49,0
DA:50,0
DA:51,0
DA:53,0
DA:54,0
DA:55,0
DA:64,0
DA:65,0
DA:69,0
DA:70,0
DA:71,0
DA:83,0
DA:84,0
DA:87,0
DA:92,0
DA:94,0
DA:95,0
DA:97,0
DA:98,0
DA:116,0
DA:130,0
DA:131,0
DA:133,0
DA:134,0
DA:135,0
DA:137,0
DA:138,0
DA:140,0
DA:141,0
DA:142,0
DA:143,0
DA:145,0
DA:146,0
DA:147,0
DA:148,0
DA:149,0
DA:154,0
DA:155,0
DA:156,0
DA:157,0
DA:163,0
DA:164,0
DA:166,0
DA:171,0
DA:173,0
DA:174,0
DA:175,0
DA:178,0
DA:193,1
DA:203,1
DA:204,1
DA:206,1
DA:208,1
DA:209,1
DA:210,2
DA:211,1
DA:212,1
DA:215,1
DA:216,1
DA:217,1
DA:226,1
DA:227,1
DA:228,1
DA:229,1
DA:234,1
DA:235,2
DA:238,1
DA:240,1
DA:247,1
DA:248,1
DA:265,0
DA:275,0
DA:276,0
DA:277,0
DA:278,0
DA:279,0
DA:281,0
DA:282,0
LF:98
LH:22
end_of_record
SF:lib\services\language_service.dart
DA:26,0
DA:28,0
DA:31,0
DA:33,0
DA:34,0
DA:37,0
DA:43,0
DA:149,0
DA:151,0
DA:152,0
DA:154,0
DA:159,0
DA:161,0
DA:162,0
DA:164,0
DA:168,0
DA:170,0
DA:173,0
DA:175,0
DA:177,0
DA:179,0
LF:21
LH:0
end_of_record
SF:lib\widgets\language_selector.dart
DA:6,1
DA:22,1
DA:23,1
DA:29,1
DA:31,1
DA:32,3
DA:33,2
DA:34,1
DA:38,1
DA:39,3
DA:40,1
DA:41,2
DA:42,1
DA:44,3
DA:48,1
DA:50,3
DA:51,1
DA:52,1
DA:53,3
DA:54,1
DA:55,1
DA:56,3
DA:58,1
DA:59,1
DA:60,2
DA:61,0
DA:62,1
DA:63,5
DA:66,1
DA:67,0
DA:69,0
DA:70,0
DA:72,0
DA:76,2
DA:77,0
DA:78,0
LF:36
LH:29
end_of_record
SF:lib\widgets\connection_status.dart
DA:6,2
DA:18,1
DA:19,1
DA:22,1
DA:23,1
DA:24,1
DA:25,1
DA:26,1
DA:29,1
DA:30,1
DA:31,2
DA:37,1
DA:39,1
DA:40,1
DA:42,1
DA:43,1
DA:45,1
DA:46,1
DA:48,1
DA:49,1
DA:50,1
DA:51,1
DA:54,1
DA:58,1
DA:59,1
DA:60,1
DA:62,2
DA:68,3
DA:69,1
DA:70,1
DA:72,1
DA:77,3
DA:79,1
DA:81,1
DA:82,1
DA:83,1
DA:85,1
DA:86,1
DA:87,1
DA:90,2
DA:93,1
DA:94,1
DA:95,1
DA:96,1
DA:98,2
DA:106,2
DA:108,1
DA:114,1
DA:115,1
DA:116,1
DA:119,1
DA:121,2
DA:126,1
DA:128,1
DA:129,1
DA:132,1
DA:133,1
DA:134,1
DA:140,2
DA:142,1
DA:143,1
DA:144,1
DA:146,1
DA:148,1
DA:149,1
DA:150,1
DA:151,1
DA:154,2
DA:157,1
DA:159,1
DA:162,1
DA:168,1
DA:170,1
DA:172,2
DA:179,1
DA:180,2
DA:181,1
DA:182,1
DA:183,1
DA:186,1
DA:187,1
DA:188,1
DA:191,1
DA:192,1
DA:193,1
DA:196,1
DA:197,1
DA:198,1
DA:201,1
DA:202,1
DA:203,1
DA:210,0
DA:220,0
DA:221,0
DA:222,0
DA:223,0
DA:225,0
DA:226,0
DA:227,0
DA:228,0
DA:229,0
DA:232,0
DA:234,0
DA:235,0
DA:236,0
DA:239,0
DA:241,0
DA:245,0
DA:246,0
DA:248,0
DA:250,0
DA:251,0
DA:252,0
DA:253,0
DA:256,0
DA:264,0
DA:265,0
DA:266,0
DA:267,0
DA:268,0
DA:271,0
DA:272,0
DA:273,0
DA:276,0
DA:277,0
DA:278,0
DA:281,0
DA:282,0
DA:283,0
DA:288,0
DA:298,0
DA:299,0
DA:300,0
DA:301,0
DA:302,0
DA:304,0
DA:305,0
DA:307,0
DA:309,0
DA:310,0
DA:311,0
DA:312,0
DA:313,0
DA:317,0
DA:318,0
DA:319,0
DA:320,0
DA:321,0
DA:322,0
DA:323,0
DA:332,0
DA:333,0
DA:334,0
LF:153
LH:91
end_of_record
